-------------------------------------------------------------------------------
Test set: RestWebServiceTest
-------------------------------------------------------------------------------
Tests run: 11, Failures: 0, Errors: 9, Skipped: 2, Time elapsed: 1.336 s <<< FAILURE! - in RestWebServiceTest
GET Method Test For Value Pair: 50 add 20(RestWebServiceTest)  Time elapsed: 0.746 s  <<< ERROR!
java.net.ConnectException: Connection refused (Connection refused)
	at RestWebServiceTest.GET Method Test For Value Pair: #value1 #operation #value2(RestWebServiceTest.groovy:42)

GET Method Test For Value Pair: 800 subtract 141(RestWebServiceTest)  Time elapsed: 0.038 s  <<< ERROR!
java.net.ConnectException: Connection refused (Connection refused)
	at RestWebServiceTest.GET Method Test For Value Pair: #value1 #operation #value2(RestWebServiceTest.groovy:42)

GET Method Test For Value Pair: 92 multiply 92(RestWebServiceTest)  Time elapsed: 0.04 s  <<< ERROR!
java.net.ConnectException: Connection refused (Connection refused)
	at RestWebServiceTest.GET Method Test For Value Pair: #value1 #operation #value2(RestWebServiceTest.groovy:42)

GET Method Test For Value Pair: 90 divide 15(RestWebServiceTest)  Time elapsed: 0.043 s  <<< ERROR!
java.net.ConnectException: Connection refused (Connection refused)
	at RestWebServiceTest.GET Method Test For Value Pair: #value1 #operation #value2(RestWebServiceTest.groovy:42)

GET Method Test For Value Pair: 2147483647 add 2147483647(RestWebServiceTest)  Time elapsed: 0.038 s  <<< ERROR!
java.net.ConnectException: Connection refused (Connection refused)
	at RestWebServiceTest.GET Method Test For Value Pair: #value1 #operation #value2(RestWebServiceTest.groovy:42)

GET Method Test For Value Pair: 2147483647 subtract 2147483647(RestWebServiceTest)  Time elapsed: 0.034 s  <<< ERROR!
java.net.ConnectException: Connection refused (Connection refused)
	at RestWebServiceTest.GET Method Test For Value Pair: #value1 #operation #value2(RestWebServiceTest.groovy:42)

GET Method Test For Value Pair: 2147483647 multiply -2147483648(RestWebServiceTest)  Time elapsed: 0.051 s  <<< ERROR!
java.net.ConnectException: Connection refused (Connection refused)
	at RestWebServiceTest.GET Method Test For Value Pair: #value1 #operation #value2(RestWebServiceTest.groovy:42)

GET Method Test For Value Pair: 2147483647 divide 2147483647(RestWebServiceTest)  Time elapsed: 0.049 s  <<< ERROR!
java.net.ConnectException: Connection refused (Connection refused)
	at RestWebServiceTest.GET Method Test For Value Pair: #value1 #operation #value2(RestWebServiceTest.groovy:42)

GET Method Test For Value Pair: 5 aaa 4(RestWebServiceTest)  Time elapsed: 0.025 s  <<< ERROR!
java.net.ConnectException: Connection refused (Connection refused)
	at RestWebServiceTest.GET Method Test For Value Pair: #value1 #operation #value2(RestWebServiceTest.groovy:42)

