<?xml version="1.0" encoding="UTF-8"?>
<testsuite xmlns:xsi="http://www.w3.org/2001/XMLSchema-instance" xsi:noNamespaceSchemaLocation="https://maven.apache.org/surefire/maven-surefire-plugin/xsd/surefire-test-report.xsd" name="RestWebServiceTest" time="2.549" tests="19" errors="0" skipped="0" failures="0">
  <properties>
[...]
</properties>
  <testcase name="GET Method Test For Value Pair: 50 add 20" classname="RestWebServiceTest" time="0.913"/>
  <testcase name="GET Method Test For Value Pair: 800 subtract 141" classname="RestWebServiceTest" time="0.094"/>
  <testcase name="GET Method Test For Value Pair: 92 multiply 92" classname="RestWebServiceTest" time="0.08"/>
  <testcase name="GET Method Test For Value Pair: 90 divide 15" classname="RestWebServiceTest" time="0.084"/>
  <testcase name="GET Method Test For Value Pair: 2147483647 add 2147483647" classname="RestWebServiceTest" time="0.052"/>
  <testcase name="GET Method Test For Value Pair: 2147483647 subtract 2147483647" classname="RestWebServiceTest" time="0.066"/>
  <testcase name="GET Method Test For Value Pair: 2147483647 multiply -2147483648" classname="RestWebServiceTest" time="0.054"/>
  <testcase name="GET Method Test For Value Pair: 2147483647 divide 2147483647" classname="RestWebServiceTest" time="0.069"/>
  <testcase name="GET Method Test For Value Pair: 5 aaa 4" classname="RestWebServiceTest" time="0.287"/>
  <testcase name="POST Method Test For Value Pair: 50 add 20" classname="RestWebServiceTest" time="0.097"/>
  <testcase name="POST Method Test For Value Pair: 800 sub 141" classname="RestWebServiceTest" time="0.049"/>
  <testcase name="POST Method Test For Value Pair: 92 mul 92" classname="RestWebServiceTest" time="0.056"/>
  <testcase name="POST Method Test For Value Pair: 90 div 15" classname="RestWebServiceTest" time="0.053"/>
  <testcase name="POST Method Test For Value Pair: 2147483647 add 2147483647" classname="RestWebServiceTest" time="0.045"/>
  <testcase name="POST Method Test For Value Pair: 2147483647 sub 2147483647" classname="RestWebServiceTest" time="0.043"/>
  <testcase name="POST Method Test For Value Pair: 2147483647 mul -2147483648" classname="RestWebServiceTest" time="0.08"/>
  <testcase name="POST Method Test For Value Pair: 2147483647 div -2147483648" classname="RestWebServiceTest" time="0.056"/>
  <testcase name="POST Method Test For Value Pair: 5 aaa 4" classname="RestWebServiceTest" time="0.051"/>
  <testcase name="Invalid Method Test" classname="RestWebServiceTest" time="0.102"/>
</testsuite>